Using pre-set license
Built from '2020.3/release' branch; Version is '2020.3.1f1 (77a89f25062f) revision 7841951'; Using compiler version '192528614'; Build Type 'Release'
OS: 'Windows 10 Pro; OS build 19042.928; Version 2009; 64bit' Language: 'it' Physical Memory: 16324 MB
BatchMode: 1, IsHumanControllingUs: 0, StartBugReporterOnCrash: 0, Is64bit: 1, IsPro: 0

 COMMAND LINE ARGUMENTS:
C:\Program Files\Unity\Hub\Editor\2020.3.1f1\Editor\Unity.exe
-adb2
-batchMode
-noUpm
-name
AssetImportWorker0
-projectPath
C:/Users/Marco/Documents/UnityProject/VR App
-logFile
Logs/AssetImportWorker0.log
-srvPort
51506
Successfully changed project path to: C:/Users/Marco/Documents/UnityProject/VR App
C:/Users/Marco/Documents/UnityProject/VR App
Using Asset Import Pipeline V2.
Refreshing native plugins compatible for Editor in 20.63 ms, found 0 plugins.
Preloading 0 native plugins for Editor in 0.00 ms.
Initialize engine version: 2020.3.1f1 (77a89f25062f)
[Subsystems] Discovering subsystems at path C:/Program Files/Unity/Hub/Editor/2020.3.1f1/Editor/Data/Resources/UnitySubsystems
[Subsystems] Discovering subsystems at path C:/Users/Marco/Documents/UnityProject/VR App/Assets
GfxDevice: creating device client; threaded=0
Direct3D:
    Version:  Direct3D 11.0 [level 11.1]
    Renderer: AMD Radeon RX 5700 XT (ID=0x731f)
    Vendor:   
    VRAM:     8151 MB
    Driver:   27.20.15003.5017
Initialize mono
Mono path[0] = 'C:/Program Files/Unity/Hub/Editor/2020.3.1f1/Editor/Data/Managed'
Mono path[1] = 'C:/Program Files/Unity/Hub/Editor/2020.3.1f1/Editor/Data/MonoBleedingEdge/lib/mono/unityjit'
Mono config path = 'C:/Program Files/Unity/Hub/Editor/2020.3.1f1/Editor/Data/MonoBleedingEdge/etc'
Using monoOptions --debugger-agent=transport=dt_socket,embedding=1,server=y,suspend=n,address=127.0.0.1:56772
Begin MonoManager ReloadAssembly
Registering precompiled unity dll's ...
Register platform support module: C:/Program Files/Unity/Hub/Editor/2020.3.1f1/Editor/Data/PlaybackEngines/WindowsStandaloneSupport/UnityEditor.WindowsStandalone.Extensions.dll
Registered in 0.002735 seconds.
Native extension for WindowsStandalone target not found
Refreshing native plugins compatible for Editor in 21.97 ms, found 0 plugins.
Preloading 0 native plugins for Editor in 0.00 ms.
Invoked RoslynAnalysisRunner static constructor.
RoslynAnalysisRunner will not be running.
RoslynAnalysisRunner has terminated.
Mono: successfully reloaded assembly
- Completed reload, in  1.776 seconds
Platform modules already initialized, skipping
Registering precompiled user dll's ...
Registered in 0.000765 seconds.
Begin MonoManager ReloadAssembly
Native extension for WindowsStandalone target not found
Refreshing native plugins compatible for Editor in 0.24 ms, found 0 plugins.
Preloading 0 native plugins for Editor in 0.00 ms.
Invoked RoslynAnalysisRunner static constructor.
RoslynAnalysisRunner will not be running.
RoslynAnalysisRunner has terminated.
Mono: successfully reloaded assembly
- Completed reload, in  0.919 seconds
Platform modules already initialized, skipping
========================================================================
Worker process is ready to serve import requests
Switching build target platform(13) subTarget(537395200) extendedPlatform(0) -> platform(13) subTarget(589824) extendedPlatform(0)
Launched and connected shader compiler UnityShaderCompiler.exe after 0.05 seconds
Refreshing native plugins compatible for Editor in 0.23 ms, found 0 plugins.
Preloading 0 native plugins for Editor in 0.00 ms.
Unloading 1188 Unused Serialized files (Serialized files now loaded: 0)
System memory in use before: 59.3 MB.
System memory in use after: 59.4 MB.

Unloading 11 unused Assets to reduce memory usage. Loaded Objects now: 1630.
Total: 2.351000 ms (FindLiveObjects: 0.234200 ms CreateObjectMapping: 0.069300 ms MarkObjects: 1.970100 ms  DeleteObjects: 0.075600 ms)

AssetImportParameters requested are different than current active one (requested -> active):
  buildTarget: platform 13, subtarget 589824, extendedPlatform 0 -> platform 13, subtarget 537395200, extendedPlatform 0
  graphicsApiMask: 2304 -> 2099200
========================================================================
Received Import Request.
  path: Assets/Plugins/Android/AndroidManifest.xml
  artifactKey: Guid(c5133601c69b97d4084eb5cb9451b595) Importer(815301076,1909f56bfc062723c751e8b465ee728b)
Start importing Assets/Plugins/Android/AndroidManifest.xml using Guid(c5133601c69b97d4084eb5cb9451b595) Importer(815301076,1909f56bfc062723c751e8b465ee728b)  -> (artifact id: '570520b4dbf36fc6ccda29a08747ac8a') in 0.076021 seconds
  Import took 0.079248 seconds .

========================================================================
Received Import Request.
  Time since last request: 0.000216 seconds.
  path: Assets/Plugins/Android
  artifactKey: Guid(6d350d94696317b44b7a6c7fc77e5093) Importer(815301076,1909f56bfc062723c751e8b465ee728b)
Start importing Assets/Plugins/Android using Guid(6d350d94696317b44b7a6c7fc77e5093) Importer(815301076,1909f56bfc062723c751e8b465ee728b)  -> (artifact id: '18ec619320ba50d822ed2e4cc495d5eb') in 0.028621 seconds
  Import took 0.030880 seconds .

========================================================================
Received Import Request.
  Time since last request: 27.909086 seconds.
  path: Assets/Plugins/Android/AndroidManifest.xml.DISABLED
  artifactKey: Guid(c5133601c69b97d4084eb5cb9451b595) Importer(815301076,1909f56bfc062723c751e8b465ee728b)
Start importing Assets/Plugins/Android/AndroidManifest.xml.DISABLED using Guid(c5133601c69b97d4084eb5cb9451b595) Importer(815301076,1909f56bfc062723c751e8b465ee728b)  -> (artifact id: '3c098bf17f11243e9bbc4058c9ba28d0') in 0.027912 seconds
  Import took 0.030159 seconds .

========================================================================
Received Import Request.
  Time since last request: 13.924392 seconds.
  path: Assets/Plugins/Android/mainTemplate.gradle
  artifactKey: Guid(125d03b7359879f4396ce14e9ee6ee2a) Importer(815301076,1909f56bfc062723c751e8b465ee728b)
Start importing Assets/Plugins/Android/mainTemplate.gradle using Guid(125d03b7359879f4396ce14e9ee6ee2a) Importer(815301076,1909f56bfc062723c751e8b465ee728b)  -> (artifact id: '3502b396ab57c25293e60bebc0c9f43b') in 0.025073 seconds
  Import took 0.027256 seconds .

========================================================================
Received Import Request.
  Time since last request: 14.747547 seconds.
  path: Assets/Plugins/Android/mainTemplate.gradle
  artifactKey: Guid(125d03b7359879f4396ce14e9ee6ee2a) Importer(815301076,1909f56bfc062723c751e8b465ee728b)
Start importing Assets/Plugins/Android/mainTemplate.gradle using Guid(125d03b7359879f4396ce14e9ee6ee2a) Importer(815301076,1909f56bfc062723c751e8b465ee728b)  -> (artifact id: '19f1e67387880524233de6e6afbd90fd') in 0.035432 seconds
  Import took 0.038301 seconds .

========================================================================
Received Prepare
Registering precompiled user dll's ...
Registered in 0.000704 seconds.
Begin MonoManager ReloadAssembly
Native extension for WindowsStandalone target not found
Refreshing native plugins compatible for Editor in 0.26 ms, found 0 plugins.
Preloading 0 native plugins for Editor in 0.00 ms.
Invoked RoslynAnalysisRunner static constructor.
RoslynAnalysisRunner will not be running.
RoslynAnalysisRunner has terminated.
Mono: successfully reloaded assembly
- Completed reload, in  0.763 seconds
Platform modules already initialized, skipping
Switching build target platform(5) subTarget(0) extendedPlatform(0) -> platform(13) subTarget(589824) extendedPlatform(0)
Refreshing native plugins compatible for Editor in 0.23 ms, found 0 plugins.
Preloading 0 native plugins for Editor in 0.00 ms.
Unloading 1193 Unused Serialized files (Serialized files now loaded: 0)
System memory in use before: 59.3 MB.
System memory in use after: 59.4 MB.

Unloading 6 unused Assets to reduce memory usage. Loaded Objects now: 1641.
Total: 1.815200 ms (FindLiveObjects: 0.191600 ms CreateObjectMapping: 0.046600 ms MarkObjects: 1.494500 ms  DeleteObjects: 0.081500 ms)

AssetImportParameters requested are different than current active one (requested -> active):
  buildTarget: platform 13, subtarget 589824, extendedPlatform 0 -> platform 13, subtarget 537395200, extendedPlatform 0
  graphicsApiMask: 2304 -> 2099200
  custom:graphics/normal-map-encoding: 01000000000000000000000000000000 -> 02000000000000000000000000000000
========================================================================
Received Import Request.
  Time since last request: 116.631496 seconds.
  path: Assets/Samples/XR Plugin Management
  artifactKey: Guid(443c6c41ad659384aac8697578328bba) Importer(815301076,1909f56bfc062723c751e8b465ee728b)
Start importing Assets/Samples/XR Plugin Management using Guid(443c6c41ad659384aac8697578328bba) Importer(815301076,1909f56bfc062723c751e8b465ee728b)  -> (artifact id: '8716bce9fec6f96146f76967981867c3') in 0.027836 seconds
  Import took 0.030194 seconds .

========================================================================
Received Import Request.
  Time since last request: 0.506083 seconds.
  path: Assets/Samples/XR Plugin Management/4.0.1
  artifactKey: Guid(014894892bc66bc4aa8a74c730e61241) Importer(815301076,1909f56bfc062723c751e8b465ee728b)
Start importing Assets/Samples/XR Plugin Management/4.0.1 using Guid(014894892bc66bc4aa8a74c730e61241) Importer(815301076,1909f56bfc062723c751e8b465ee728b)  -> (artifact id: 'a94a522eee60cdc7126d3165e8e19da3') in 0.025590 seconds
  Import took 0.027952 seconds .

========================================================================
Received Import Request.
  Time since last request: 0.591875 seconds.
  path: Assets/Samples/XR Plugin Management/4.0.1/Example XR Management implementation
  artifactKey: Guid(73805379b00198b449d5735978fa3f69) Importer(815301076,1909f56bfc062723c751e8b465ee728b)
Start importing Assets/Samples/XR Plugin Management/4.0.1/Example XR Management implementation using Guid(73805379b00198b449d5735978fa3f69) Importer(815301076,1909f56bfc062723c751e8b465ee728b)  -> (artifact id: '2b248305bf5f97f68a7d1e965bfe374f') in 0.024460 seconds
  Import took 0.026589 seconds .

========================================================================
Received Import Request.
  Time since last request: 0.059444 seconds.
  path: Assets/Samples/XR Plugin Management/4.0.1/Example XR Management implementation/Unity.XR.Management.Samples.asmdef
  artifactKey: Guid(4b8d623d49974443c835ab669d1771ed) Importer(815301076,1909f56bfc062723c751e8b465ee728b)
Start importing Assets/Samples/XR Plugin Management/4.0.1/Example XR Management implementation/Unity.XR.Management.Samples.asmdef using Guid(4b8d623d49974443c835ab669d1771ed) Importer(815301076,1909f56bfc062723c751e8b465ee728b)  -> (artifact id: '7d7c2d6c2e1000fcaa4684cecfd2ecc6') in 0.026639 seconds
  Import took 0.028768 seconds .

========================================================================
Received Prepare
Registering precompiled user dll's ...
Registered in 0.000777 seconds.
Begin MonoManager ReloadAssembly
Native extension for WindowsStandalone target not found
Refreshing native plugins compatible for Editor in 0.24 ms, found 0 plugins.
Preloading 0 native plugins for Editor in 0.00 ms.
Invoked RoslynAnalysisRunner static constructor.
RoslynAnalysisRunner will not be running.
RoslynAnalysisRunner has terminated.
Mono: successfully reloaded assembly
- Completed reload, in  0.796 seconds
Platform modules already initialized, skipping
Switching build target platform(5) subTarget(0) extendedPlatform(0) -> platform(13) subTarget(589824) extendedPlatform(0)
Refreshing native plugins compatible for Editor in 0.21 ms, found 0 plugins.
Preloading 0 native plugins for Editor in 0.00 ms.
Unloading 1186 Unused Serialized files (Serialized files now loaded: 0)
System memory in use before: 59.2 MB.
System memory in use after: 59.3 MB.

Unloading 6 unused Assets to reduce memory usage. Loaded Objects now: 1645.
Total: 1.870000 ms (FindLiveObjects: 0.205000 ms CreateObjectMapping: 0.060800 ms MarkObjects: 1.520500 ms  DeleteObjects: 0.082700 ms)

AssetImportParameters requested are different than current active one (requested -> active):
  custom:graphics/normal-map-encoding: 01000000000000000000000000000000 -> 02000000000000000000000000000000
========================================================================
Received Import Request.
  Time since last request: 23.150936 seconds.
  path: Assets/XR/XRGeneralSettings.asset
  artifactKey: Guid(83b241e99c9d454448b8278671a9e2ff) Importer(815301076,1909f56bfc062723c751e8b465ee728b)
Start importing Assets/XR/XRGeneralSettings.asset using Guid(83b241e99c9d454448b8278671a9e2ff) Importer(815301076,1909f56bfc062723c751e8b465ee728b)  -> (artifact id: 'cea6ea9a36506aa88064717ffc3e0cd5') in 0.038762 seconds
  Import took 0.040868 seconds .

========================================================================
Received Prepare
Registering precompiled user dll's ...
Registered in 0.000669 seconds.
Begin MonoManager ReloadAssembly
Native extension for WindowsStandalone target not found
Refreshing native plugins compatible for Editor in 0.34 ms, found 0 plugins.
Preloading 0 native plugins for Editor in 0.00 ms.
Invoked RoslynAnalysisRunner static constructor.
RoslynAnalysisRunner will not be running.
RoslynAnalysisRunner has terminated.
Mono: successfully reloaded assembly
- Completed reload, in  0.816 seconds
Platform modules already initialized, skipping
Switching build target platform(5) subTarget(0) extendedPlatform(0) -> platform(13) subTarget(589824) extendedPlatform(0)
Refreshing native plugins compatible for Editor in 0.23 ms, found 0 plugins.
Preloading 0 native plugins for Editor in 0.00 ms.
Unloading 1197 Unused Serialized files (Serialized files now loaded: 0)
System memory in use before: 59.6 MB.
System memory in use after: 59.6 MB.

Unloading 6 unused Assets to reduce memory usage. Loaded Objects now: 1660.
Total: 2.140700 ms (FindLiveObjects: 0.155700 ms CreateObjectMapping: 0.064500 ms MarkObjects: 1.853700 ms  DeleteObjects: 0.065900 ms)

AssetImportParameters requested are different than current active one (requested -> active):
  custom:graphics/normal-map-encoding: 01000000000000000000000000000000 -> 02000000000000000000000000000000
========================================================================
Received Prepare
Registering precompiled user dll's ...
Registered in 0.000717 seconds.
Begin MonoManager ReloadAssembly
Native extension for WindowsStandalone target not found
Refreshing native plugins compatible for Editor in 0.28 ms, found 0 plugins.
Preloading 0 native plugins for Editor in 0.00 ms.
Invoked RoslynAnalysisRunner static constructor.
RoslynAnalysisRunner will not be running.
RoslynAnalysisRunner has terminated.
Mono: successfully reloaded assembly
- Completed reload, in  0.810 seconds
Platform modules already initialized, skipping
Switching build target platform(5) subTarget(0) extendedPlatform(0) -> platform(13) subTarget(589824) extendedPlatform(0)
Refreshing native plugins compatible for Editor in 0.25 ms, found 0 plugins.
Preloading 0 native plugins for Editor in 0.00 ms.
Unloading 1197 Unused Serialized files (Serialized files now loaded: 0)
System memory in use before: 59.6 MB.
System memory in use after: 59.7 MB.

Unloading 6 unused Assets to reduce memory usage. Loaded Objects now: 1668.
Total: 2.065700 ms (FindLiveObjects: 0.195400 ms CreateObjectMapping: 0.071700 ms MarkObjects: 1.710900 ms  DeleteObjects: 0.086100 ms)

AssetImportParameters requested are different than current active one (requested -> active):
  custom:graphics/normal-map-encoding: 01000000000000000000000000000000 -> 02000000000000000000000000000000
========================================================================
Received Import Request.
  Time since last request: 68.990894 seconds.
  path: Assets/XR/XRGeneralSettings.asset
  artifactKey: Guid(83b241e99c9d454448b8278671a9e2ff) Importer(815301076,1909f56bfc062723c751e8b465ee728b)
Start importing Assets/XR/XRGeneralSettings.asset using Guid(83b241e99c9d454448b8278671a9e2ff) Importer(815301076,1909f56bfc062723c751e8b465ee728b)  -> (artifact id: 'b46b431b269f2ab534eb95f83b84c2ae') in 0.039496 seconds
  Import took 0.041669 seconds .

========================================================================
Received Import Request.
  Time since last request: 29.226996 seconds.
  path: Assets/Samples/Google Cardboard XR Plugin for Unity/1.4.1
  artifactKey: Guid(645d955538c1564489e088a98077d783) Importer(815301076,1909f56bfc062723c751e8b465ee728b)
Start importing Assets/Samples/Google Cardboard XR Plugin for Unity/1.4.1 using Guid(645d955538c1564489e088a98077d783) Importer(815301076,1909f56bfc062723c751e8b465ee728b)  -> (artifact id: '855286a134e2e36215db77aa3b969b57') in 0.025162 seconds
  Import took 0.027293 seconds .

========================================================================
Received Import Request.
  Time since last request: 0.498286 seconds.
  path: Assets/Samples/Google Cardboard XR Plugin for Unity/1.4.1/Hello Cardboard
  artifactKey: Guid(31af9ab4b15a89c49a6ed69d94f4dd35) Importer(815301076,1909f56bfc062723c751e8b465ee728b)
Start importing Assets/Samples/Google Cardboard XR Plugin for Unity/1.4.1/Hello Cardboard using Guid(31af9ab4b15a89c49a6ed69d94f4dd35) Importer(815301076,1909f56bfc062723c751e8b465ee728b)  -> (artifact id: '64ed7011c7526fb5621bea52be0dd046') in 0.023752 seconds
  Import took 0.025853 seconds .

========================================================================
Received Import Request.
  Time since last request: 1.734619 seconds.
  path: Assets/Samples/Google Cardboard XR Plugin for Unity/1.4.1/Hello Cardboard/Scenes
  artifactKey: Guid(6532d9b74af7e42dd9bfe5affd1bba03) Importer(815301076,1909f56bfc062723c751e8b465ee728b)
Start importing Assets/Samples/Google Cardboard XR Plugin for Unity/1.4.1/Hello Cardboard/Scenes using Guid(6532d9b74af7e42dd9bfe5affd1bba03) Importer(815301076,1909f56bfc062723c751e8b465ee728b)  -> (artifact id: '9320388e750cff5dce0ed57ed037f39f') in 0.023680 seconds
  Import took 0.025817 seconds .

========================================================================
Received Import Request.
  Time since last request: 0.837886 seconds.
  path: Assets/Samples/Google Cardboard XR Plugin for Unity/1.4.1/Hello Cardboard/Scenes/HelloCardboard.unity
  artifactKey: Guid(145a2a45d7bc746b19cb68410368bf96) Importer(815301076,1909f56bfc062723c751e8b465ee728b)
Start importing Assets/Samples/Google Cardboard XR Plugin for Unity/1.4.1/Hello Cardboard/Scenes/HelloCardboard.unity using Guid(145a2a45d7bc746b19cb68410368bf96) Importer(815301076,1909f56bfc062723c751e8b465ee728b)  -> (artifact id: '66b58bb0c5f870c7c83cdac3eefb445f') in 0.024905 seconds
  Import took 0.027035 seconds .

========================================================================
Received Prepare
Refreshing native plugins compatible for Editor in 0.71 ms, found 0 plugins.
Preloading 0 native plugins for Editor in 0.00 ms.
Unloading 3 Unused Serialized files (Serialized files now loaded: 0)
System memory in use before: 36.0 MB.
System memory in use after: 36.1 MB.

Unloading 3 unused Assets to reduce memory usage. Loaded Objects now: 1668.
Total: 2.044400 ms (FindLiveObjects: 0.126900 ms CreateObjectMapping: 0.036700 ms MarkObjects: 1.803000 ms  DeleteObjects: 0.076900 ms)

========================================================================
Received Prepare
Registering precompiled user dll's ...
Registered in 0.000852 seconds.
Begin MonoManager ReloadAssembly
Native extension for WindowsStandalone target not found
Refreshing native plugins compatible for Editor in 0.27 ms, found 0 plugins.
Preloading 0 native plugins for Editor in 0.00 ms.
Invoked RoslynAnalysisRunner static constructor.
RoslynAnalysisRunner will not be running.
RoslynAnalysisRunner has terminated.
Mono: successfully reloaded assembly
- Completed reload, in  0.818 seconds
Platform modules already initialized, skipping
Switching build target platform(5) subTarget(0) extendedPlatform(0) -> platform(13) subTarget(589824) extendedPlatform(0)
Refreshing native plugins compatible for Editor in 0.24 ms, found 0 plugins.
Preloading 0 native plugins for Editor in 0.00 ms.
Unloading 1197 Unused Serialized files (Serialized files now loaded: 0)
System memory in use before: 59.6 MB.
System memory in use after: 59.7 MB.

Unloading 6 unused Assets to reduce memory usage. Loaded Objects now: 1672.
Total: 2.306800 ms (FindLiveObjects: 0.181800 ms CreateObjectMapping: 0.049300 ms MarkObjects: 1.992100 ms  DeleteObjects: 0.073400 ms)

AssetImportParameters requested are different than current active one (requested -> active):
  custom:graphics/normal-map-encoding: 01000000000000000000000000000000 -> 02000000000000000000000000000000
========================================================================
Received Prepare
Refreshing native plugins compatible for Editor in 1.20 ms, found 0 plugins.
Preloading 0 native plugins for Editor in 0.00 ms.
Unloading 3 Unused Serialized files (Serialized files now loaded: 0)
System memory in use before: 36.0 MB.
System memory in use after: 36.1 MB.

Unloading 3 unused Assets to reduce memory usage. Loaded Objects now: 1672.
Total: 2.376400 ms (FindLiveObjects: 0.412400 ms CreateObjectMapping: 0.127300 ms MarkObjects: 1.768000 ms  DeleteObjects: 0.067200 ms)

AssetImportWorkerClient::OnTransportError - code=2 error=End of file
